# JRE version: OpenJDK Runtime Environment (11.0.15) (build 11.0.15+0-b2043.56-9505619)
# Java VM: OpenJDK 64-Bit Server VM (11.0.15+0-b2043.56-9505619, mixed mode, tiered, compressed oops, g1 gc, windows-amd64)
Heap:
 garbage-first heap   total 422912K, used 373150K [0x0000000080000000, 0x0000000100000000)
  region size 1024K, 19 young (19456K), 3 survivors (3072K)
 Metaspace       used 159338K, capacity 163707K, committed 166456K, reserved 1193984K
  class space    used 19868K, capacity 21512K, committed 22808K, reserved 1048576K
GC Heap History (20 events):
Event: 3230.783 GC heap before
{Heap before GC invocations=32 (full 0):
 garbage-first heap   total 391168K, used 316579K [0x0000000080000000, 0x0000000100000000)
  region size 1024K, 105 young (107520K), 12 survivors (12288K)
 Metaspace       used 156745K, capacity 161138K, committed 164152K, reserved 1191936K
  class space    used 19800K, capacity 21430K, committed 22808K, reserved 1048576K
}
Event: 3230.805 GC heap after
{Heap after GC invocations=33 (full 0):
 garbage-first heap   total 391168K, used 229470K [0x0000000080000000, 0x0000000100000000)
  region size 1024K, 14 young (14336K), 14 survivors (14336K)
 Metaspace       used 156745K, capacity 161138K, committed 164152K, reserved 1191936K
  class space    used 19800K, capacity 21430K, committed 22808K, reserved 1048576K
}
Event: 3232.904 GC heap before
{Heap before GC invocations=34 (full 0):
 garbage-first heap   total 391168K, used 321630K [0x0000000080000000, 0x0000000100000000)
  region size 1024K, 105 young (107520K), 14 survivors (14336K)
 Metaspace       used 157909K, capacity 162195K, committed 165176K, reserved 1191936K
  class space    used 19819K, capacity 21436K, committed 22808K, reserved 1048576K
}
Event: 3232.932 GC heap after
{Heap after GC invocations=35 (full 0):
 garbage-first heap   total 391168K, used 242771K [0x0000000080000000, 0x0000000100000000)
  region size 1024K, 14 young (14336K), 14 survivors (14336K)
 Metaspace       used 157909K, capacity 162195K, committed 165176K, reserved 1191936K
  class space    used 19819K, capacity 21436K, committed 22808K, reserved 1048576K
}
Event: 3233.012 GC heap before
{Heap before GC invocations=35 (full 0):
 garbage-first heap   total 391168K, used 247891K [0x0000000080000000, 0x0000000100000000)
  region size 1024K, 19 young (19456K), 14 survivors (14336K)
 Metaspace       used 158070K, capacity 162404K, committed 165432K, reserved 1191936K
  class space    used 19820K, capacity 21438K, committed 22808K, reserved 1048576K
}
Event: 3233.032 GC heap after
{Heap after GC invocations=36 (full 0):
 garbage-first heap   total 391168K, used 244142K [0x0000000080000000, 0x0000000100000000)
  region size 1024K, 3 young (3072K), 3 survivors (3072K)
 Metaspace       used 158070K, capacity 162404K, committed 165432K, reserved 1191936K
  class space    used 19820K, capacity 21438K, committed 22808K, reserved 1048576K
}
Event: 3233.955 GC heap before
{Heap before GC invocations=36 (full 0):
 garbage-first heap   total 391168K, used 322990K [0x0000000080000000, 0x0000000100000000)
  region size 1024K, 80 young (81920K), 3 survivors (3072K)
 Metaspace       used 158293K, capacity 162629K, committed 165432K, reserved 1191936K
  class space    used 19827K, capacity 21444K, committed 22808K, reserved 1048576K
}
Event: 3233.963 GC heap after
{Heap after GC invocations=37 (full 0):
 garbage-first heap   total 391168K, used 242719K [0x0000000080000000, 0x0000000100000000)
  region size 1024K, 2 young (2048K), 2 survivors (2048K)
 Metaspace       used 158293K, capacity 162629K, committed 165432K, reserved 1191936K
  class space    used 19827K, capacity 21444K, committed 22808K, reserved 1048576K
}
Event: 3234.901 GC heap before
{Heap before GC invocations=38 (full 0):
 garbage-first heap   total 391168K, used 326687K [0x0000000080000000, 0x0000000100000000)
  region size 1024K, 84 young (86016K), 2 survivors (2048K)
 Metaspace       used 158636K, capacity 162958K, committed 165688K, reserved 1191936K
  class space    used 19844K, capacity 21458K, committed 22808K, reserved 1048576K
}
Event: 3234.905 GC heap after
{Heap after GC invocations=39 (full 0):
 garbage-first heap   total 391168K, used 242342K [0x0000000080000000, 0x0000000100000000)
  region size 1024K, 1 young (1024K), 1 survivors (1024K)
 Metaspace       used 158636K, capacity 162958K, committed 165688K, reserved 1191936K
  class space    used 19844K, capacity 21458K, committed 22808K, reserved 1048576K
}
Event: 3235.422 GC heap before
{Heap before GC invocations=39 (full 0):
 garbage-first heap   total 391168K, used 260774K [0x0000000080000000, 0x0000000100000000)
  region size 1024K, 19 young (19456K), 1 survivors (1024K)
 Metaspace       used 158767K, capacity 163139K, committed 165944K, reserved 1191936K
  class space    used 19858K, capacity 21495K, committed 22808K, reserved 1048576K
}
Event: 3235.442 GC heap after
{Heap after GC invocations=40 (full 0):
 garbage-first heap   total 391168K, used 235173K [0x0000000080000000, 0x0000000100000000)
  region size 1024K, 2 young (2048K), 2 survivors (2048K)
 Metaspace       used 158767K, capacity 163139K, committed 165944K, reserved 1191936K
  class space    used 19858K, capacity 21495K, committed 22808K, reserved 1048576K
}
Event: 3238.904 GC heap before
{Heap before GC invocations=40 (full 0):
 garbage-first heap   total 391168K, used 388773K [0x0000000080000000, 0x0000000100000000)
  region size 1024K, 85 young (87040K), 2 survivors (2048K)
 Metaspace       used 159051K, capacity 163435K, committed 166200K, reserved 1193984K
  class space    used 19867K, capacity 21511K, committed 22808K, reserved 1048576K
}
Event: 3238.950 GC heap after
{Heap after GC invocations=41 (full 0):
 garbage-first heap   total 422912K, used 306573K [0x0000000080000000, 0x0000000100000000)
  region size 1024K, 12 young (12288K), 12 survivors (12288K)
 Metaspace       used 159051K, capacity 163435K, committed 166200K, reserved 1193984K
  class space    used 19867K, capacity 21511K, committed 22808K, reserved 1048576K
}
Event: 3239.319 GC heap before
{Heap before GC invocations=41 (full 0):
 garbage-first heap   total 422912K, used 359821K [0x0000000080000000, 0x0000000100000000)
  region size 1024K, 60 young (61440K), 12 survivors (12288K)
 Metaspace       used 159313K, capacity 163702K, committed 166456K, reserved 1193984K
  class space    used 19867K, capacity 21511K, committed 22808K, reserved 1048576K
}
Event: 3239.372 GC heap after
{Heap after GC invocations=42 (full 0):
 garbage-first heap   total 422912K, used 333824K [0x0000000080000000, 0x0000000100000000)
  region size 1024K, 8 young (8192K), 8 survivors (8192K)
 Metaspace       used 159313K, capacity 163702K, committed 166456K, reserved 1193984K
  class space    used 19867K, capacity 21511K, committed 22808K, reserved 1048576K
}
Event: 3239.521 GC heap before
{Heap before GC invocations=42 (full 0):
 garbage-first heap   total 422912K, used 358400K [0x0000000080000000, 0x0000000100000000)
  region size 1024K, 33 young (33792K), 8 survivors (8192K)
 Metaspace       used 159335K, capacity 163706K, committed 166456K, reserved 1193984K
  class space    used 19868K, capacity 21512K, committed 22808K, reserved 1048576K
}
Event: 3239.572 GC heap after
{Heap after GC invocations=43 (full 0):
 garbage-first heap   total 422912K, used 349116K [0x0000000080000000, 0x0000000100000000)
  region size 1024K, 5 young (5120K), 5 survivors (5120K)
 Metaspace       used 159335K, capacity 163706K, committed 166456K, reserved 1193984K
  class space    used 19868K, capacity 21512K, committed 22808K, reserved 1048576K
}
Event: 3239.737 GC heap before
{Heap before GC invocations=43 (full 0):
 garbage-first heap   total 422912K, used 364476K [0x0000000080000000, 0x0000000100000000)
  region size 1024K, 20 young (20480K), 5 survivors (5120K)
 Metaspace       used 159337K, capacity 163707K, committed 166456K, reserved 1193984K
  class space    used 19868K, capacity 21512K, committed 22808K, reserved 1048576K
}
Event: 3239.756 GC heap after
{Heap after GC invocations=44 (full 0):
 garbage-first heap   total 422912K, used 357790K [0x0000000080000000, 0x0000000100000000)
  region size 1024K, 3 young (3072K), 3 survivors (3072K)
 Metaspace       used 159337K, capacity 163707K, committed 166456K, reserved 1193984K
  class space    used 19868K, capacity 21512K, committed 22808K, reserved 1048576K
}

